<?xml version="1.0" encoding="UTF-8"?>
<!-- Generated by org.testng.reporters.JUnitReportReporter -->
<testsuite hostname="Sridhar" failures="0" tests="2" name="TestNGFramework01.GroupingTestcases" time="0.033" errors="0" timestamp="2024-01-01T15:36:10 IST" skipped="0">
  <testcase classname="TestNGFramework01.GroupingTestcases" name="Login" time="0.030"/>
  <testcase classname="TestNGFramework01.GroupingTestcases" name="Functionality" time="0.003"/>
</testsuite> <!-- TestNGFramework01.GroupingTestcases -->
