<?xml version="1.0" encoding="UTF-8"?>
<!-- Generated by org.testng.reporters.JUnitReportReporter -->
<testsuite hostname="Sridhar" failures="0" tests="1" name="TestNGFramework01.AnnotationsExamples" time="0.004" errors="0" timestamp="2024-01-01T08:45:08 IST" skipped="0">
  <testcase classname="TestNGFramework01.AnnotationsExamples" name="EnterINtoLoginpage" time="0.004"/>
</testsuite> <!-- TestNGFramework01.AnnotationsExamples -->
