<?xml version="1.0" encoding="UTF-8"?>
<!-- Generated by org.testng.reporters.JUnitReportReporter -->
<testsuite hostname="Sridhar" failures="0" tests="3" name="TestNGFramework01.DataProviderExamples001" time="3.936" errors="0" timestamp="2024-01-05T12:54:09 IST" skipped="0">
  <testcase classname="TestNGFramework01.DataProviderExamples001" name="Login" time="1.220"/>
  <testcase classname="TestNGFramework01.DataProviderExamples001" name="Login" time="1.692"/>
  <testcase classname="TestNGFramework01.DataProviderExamples001" name="Login" time="1.024"/>
</testsuite> <!-- TestNGFramework01.DataProviderExamples001 -->
