<?xml version="1.0" encoding="UTF-8"?>
<!-- Generated by org.testng.reporters.JUnitReportReporter -->
<testsuite hostname="Sridhar" failures="0" tests="2" name="TestNGFramework01.DependsOnMethodsExamples" time="12.833" errors="0" timestamp="2024-01-01T08:45:08 IST" skipped="0">
  <testcase classname="TestNGFramework01.DependsOnMethodsExamples" name="RegistrationFuncttinality" time="1.115"/>
  <testcase classname="TestNGFramework01.DependsOnMethodsExamples" name="LoginFunctionality" time="11.718"/>
</testsuite> <!-- TestNGFramework01.DependsOnMethodsExamples -->
