<?xml version="1.0" encoding="UTF-8"?>
<!-- Generated by org.testng.reporters.JUnitReportReporter -->
<testsuite hostname="Sridhar" failures="0" tests="1" name="TestNGFramework01.HardAssertExamples" time="1.250" errors="0" timestamp="2024-01-02T08:13:16 IST" skipped="0">
  <testcase classname="TestNGFramework01.HardAssertExamples" name="LoginFunctionalityy" time="1.250"/>
</testsuite> <!-- TestNGFramework01.HardAssertExamples -->
