<?xml version="1.0" encoding="UTF-8"?>
<!-- Generated by org.testng.reporters.JUnitReportReporter -->
<testsuite hostname="Sridhar" failures="0" tests="1" name="TestNGFramework01.ParameterizationExamples" time="2.822" errors="0" timestamp="2024-01-02T22:53:19 IST" skipped="0">
  <testcase classname="TestNGFramework01.ParameterizationExamples" name="LoginFunctionalityy" time="2.822"/>
</testsuite> <!-- TestNGFramework01.ParameterizationExamples -->
