<?xml version="1.0" encoding="UTF-8"?>
<!-- Generated by org.testng.reporters.JUnitReportReporter -->
<testsuite hostname="Sridhar" failures="0" tests="6" name="TestNGFramework01.InnvoacationalCountExamples" time="10.581" errors="0" timestamp="2024-01-02T14:50:29 IST" skipped="0">
  <testcase classname="TestNGFramework01.InnvoacationalCountExamples" name="LoginFunctionalityy" time="1.881"/>
  <testcase classname="TestNGFramework01.InnvoacationalCountExamples" name="LoginFunctionalityy" time="1.533"/>
  <testcase classname="TestNGFramework01.InnvoacationalCountExamples" name="LoginFunctionalityy" time="2.003"/>
  <testcase classname="TestNGFramework01.InnvoacationalCountExamples" name="LoginFunctionalityy" time="1.898"/>
  <testcase classname="TestNGFramework01.InnvoacationalCountExamples" name="LoginFunctionalityy" time="1.632"/>
  <testcase classname="TestNGFramework01.InnvoacationalCountExamples" name="LoginFunctionalityy" time="1.634"/>
</testsuite> <!-- TestNGFramework01.InnvoacationalCountExamples -->
