<?xml version="1.0" encoding="UTF-8"?>
<!-- Generated by org.testng.reporters.JUnitReportReporter -->
<testsuite hostname="Sridhar" failures="0" tests="1" name="TestNGFramework01.TestNGExamples" time="2.438" errors="0" timestamp="2024-01-01T08:45:08 IST" skipped="0">
  <testcase classname="TestNGFramework01.TestNGExamples" name="loginfunctionality" time="2.438"/>
</testsuite> <!-- TestNGFramework01.TestNGExamples -->
