<?xml version="1.0" encoding="UTF-8"?>
<!-- Generated by org.testng.reporters.JUnitReportReporter -->
<testsuite hostname="Sridhar" failures="0" tests="1" name="TestNGFramework01.ParameterizationExamples002" time="1.662" errors="0" timestamp="2024-01-02T22:44:10 IST" skipped="0">
  <testcase classname="TestNGFramework01.ParameterizationExamples002" name="Login" time="1.662"/>
</testsuite> <!-- TestNGFramework01.ParameterizationExamples002 -->
