<?xml version="1.0" encoding="UTF-8"?>
<!-- Generated by org.testng.reporters.JUnitReportReporter -->
<testsuite hostname="Sridhar" failures="0" tests="4" name="TestNGFramework01.Examples" time="0.009" errors="0" timestamp="2024-01-01T08:45:08 IST" skipped="0">
  <testcase classname="TestNGFramework01.Examples" name="sum" time="0.002"/>
  <testcase classname="TestNGFramework01.Examples" name="mult" time="0.004"/>
  <testcase classname="TestNGFramework01.Examples" name="div" time="0.002"/>
  <testcase classname="TestNGFramework01.Examples" name="sub" time="0.001"/>
</testsuite> <!-- TestNGFramework01.Examples -->
